\BOOKMARK [1][-]{section.1}{Introducci\363n}{}% 1
\BOOKMARK [2][-]{subsection.1.1}{Prop\363sito, alcance y objetivos}{section.1}% 2
\BOOKMARK [2][-]{subsection.1.2}{Suposiciones y limitaciones}{section.1}% 3
\BOOKMARK [2][-]{subsection.1.3}{Calendario}{section.1}% 4
\BOOKMARK [1][-]{section.2}{Planificaci\363n}{}% 5
\BOOKMARK [2][-]{subsection.2.1}{Organizaci\363n del proyecto}{section.2}% 6
\BOOKMARK [3][-]{subsubsection.2.1.1}{Roles y responsabilidades}{subsection.2.1}% 7
\BOOKMARK [2][-]{subsection.2.2}{Planes de proceso de gesti\363n}{section.2}% 8
\BOOKMARK [3][-]{subsubsection.2.2.1}{Plan de trabajo}{subsection.2.2}% 9
\BOOKMARK [3][-]{subsubsection.2.2.2}{Recursos}{subsection.2.2}% 10
\BOOKMARK [3][-]{subsubsection.2.2.3}{Plan de control}{subsection.2.2}% 11
\BOOKMARK [3][-]{subsubsection.2.2.4}{Plan de gesti\363n de riesgos}{subsection.2.2}% 12
\BOOKMARK [2][-]{subsection.2.3}{Planes de procesos t\351cnicos}{section.2}% 13
\BOOKMARK [3][-]{subsubsection.2.3.1}{Modelo de proceso}{subsection.2.3}% 14
\BOOKMARK [3][-]{subsubsection.2.3.2}{Modelos, herramientas y t\351cnicas}{subsection.2.3}% 15
\BOOKMARK [3][-]{subsubsection.2.3.3}{Plan de despliegue}{subsection.2.3}% 16
\BOOKMARK [1][-]{section.3}{An\341lisis}{}% 17
\BOOKMARK [2][-]{subsection.3.1}{Requisitos}{section.3}% 18
\BOOKMARK [2][-]{subsection.3.2}{Casos de uso}{section.3}% 19
\BOOKMARK [2][-]{subsection.3.3}{Modelo de dominio}{section.3}% 20
\BOOKMARK [2][-]{subsection.3.4}{Diagrama Entidad-Relaci\363n}{section.3}% 21
\BOOKMARK [2][-]{subsection.3.5}{Diagrama relacional}{section.3}% 22
\BOOKMARK [1][-]{section.4}{Dise\361o}{}% 23
\BOOKMARK [2][-]{subsection.4.1}{Aplicaciones similares}{section.4}% 24
\BOOKMARK [1][-]{section.5}{Implementaci\363n}{}% 25
\BOOKMARK [1][-]{section.6}{Pruebas}{}% 26
\BOOKMARK [1][-]{section.7}{Instalaci\363n}{}% 27
\BOOKMARK [1][-]{section.8}{Manual de usuario}{}% 28
\BOOKMARK [1][-]{section.9}{Riesgos}{}% 29
\BOOKMARK [1][-]{section.10}{Seguimiento}{}% 30
\BOOKMARK [2][-]{subsection.10.1}{Plan de seguimiento}{section.10}% 31
\BOOKMARK [3][-]{subsubsection.10.1.1}{Planificaci\363n}{subsection.10.1}% 32
\BOOKMARK [3][-]{subsubsection.10.1.2}{An\341lisis}{subsection.10.1}% 33
\BOOKMARK [3][-]{subsubsection.10.1.3}{Dise\361o}{subsection.10.1}% 34
\BOOKMARK [3][-]{subsubsection.10.1.4}{Implementaci\363n}{subsection.10.1}% 35
\BOOKMARK [3][-]{subsubsection.10.1.5}{Pruebas}{subsection.10.1}% 36
\BOOKMARK [2][-]{subsection.10.2}{Cambios}{section.10}% 37
\BOOKMARK [3][-]{subsubsection.10.2.1}{Generales}{subsection.10.2}% 38
\BOOKMARK [3][-]{subsubsection.10.2.2}{Planificaci\363n}{subsection.10.2}% 39
\BOOKMARK [3][-]{subsubsection.10.2.3}{An\341lisis}{subsection.10.2}% 40
\BOOKMARK [3][-]{subsubsection.10.2.4}{Dise\361o}{subsection.10.2}% 41
\BOOKMARK [3][-]{subsubsection.10.2.5}{Implementaci\363n}{subsection.10.2}% 42
\BOOKMARK [3][-]{subsubsection.10.2.6}{Pruebas}{subsection.10.2}% 43
\BOOKMARK [1][-]{section.11}{Conclusiones.}{}% 44
\BOOKMARK [1][-]{section.11}{Bibliograf\355a}{}% 45
\BOOKMARK [1][-]{section*.31}{Anexos}{}% 46
\BOOKMARK [2][-]{subsection.alph1.Alph0.1}{Definiciones y acr\363nimos}{section*.31}% 47
\BOOKMARK [2][-]{subsection.alph1.Alph0.2}{An\341lisis: Resquisitos}{section*.31}% 48
